<?xml version="1.0" encoding="utf-8"?>
<coverage line-rate="0.723" branch-rate="0.7272" version="1.9" timestamp="1670930469" lines-covered="47" lines-valid="65" branches-covered="16" branches-valid="22">
  <sources>
    <source>C:\</source>
  </sources>
  <packages>
    <package name="DoubleIntergral.App" line-rate="0.723" branch-rate="0.7272" complexity="22">
      <classes>
        <class name="DoubleIntergral.App.LegendrePolynom" filename="Users\Надежда\Desktop\DoubleIntegral\DoubleIntergral.App\LegendrePolynom.cs" line-rate="0.723" branch-rate="0.7272" complexity="22">
          <methods>
            <method name="ComputePolynom" signature="(System.Double)" line-rate="1" branch-rate="1" complexity="6">
              <lines>
                <line number="20" hits="178" branch="False" />
                <line number="21" hits="178" branch="False" />
                <line number="22" hits="178" branch="False" />
                <line number="23" hits="178" branch="False" />
                <line number="25" hits="178" branch="False" />
                <line number="29" hits="178" branch="True" condition-coverage="100% (2/2)">
                  <conditions>
                    <condition number="62" type="jump" coverage="100%" />
                  </conditions>
                </line>
                <line number="30" hits="1" branch="False" />
                <line number="31" hits="177" branch="True" condition-coverage="100% (2/2)">
                  <conditions>
                    <condition number="82" type="jump" coverage="100%" />
                  </conditions>
                </line>
                <line number="32" hits="8" branch="False" />
                <line number="34" hits="169" branch="False" />
                <line number="35" hits="421" branch="True" condition-coverage="100% (2/2)">
                  <conditions>
                    <condition number="142" type="jump" coverage="100%" />
                  </conditions>
                </line>
                <line number="36" hits="252" branch="False" />
                <line number="37" hits="252" branch="False" />
                <line number="38" hits="252" branch="False" />
                <line number="39" hits="252" branch="False" />
                <line number="40" hits="252" branch="False" />
                <line number="41" hits="252" branch="False" />
                <line number="42" hits="169" branch="False" />
                <line number="44" hits="178" branch="False" />
              </lines>
            </method>
            <method name="Dichotomy" signature="(System.Double,System.Double,System.Double)" line-rate="0.9166" branch-rate="0.9" complexity="10">
              <lines>
                <line number="47" hits="5" branch="False" />
                <line number="49" hits="5" branch="True" condition-coverage="50% (1/2)">
                  <conditions>
                    <condition number="32" type="jump" coverage="50%" />
                  </conditions>
                </line>
                <line number="50" hits="5" branch="False" />
                <line number="52" hits="5" branch="False" />
                <line number="54" hits="55" branch="False" />
                <line number="55" hits="55" branch="False" />
                <line number="56" hits="55" branch="True" condition-coverage="100% (2/2)">
                  <conditions>
                    <condition number="83" type="jump" coverage="100%" />
                  </conditions>
                </line>
                <line number="57" hits="28" branch="False" />
                <line number="58" hits="28" branch="False" />
                <line number="59" hits="28" branch="False" />
                <line number="60" hits="27" branch="True" condition-coverage="100% (2/2)">
                  <conditions>
                    <condition number="122" type="jump" coverage="100%" />
                  </conditions>
                </line>
                <line number="61" hits="26" branch="False" />
                <line number="62" hits="26" branch="False" />
                <line number="63" hits="26" branch="False" />
                <line number="64" hits="1" branch="True" condition-coverage="100% (2/2)">
                  <conditions>
                    <condition number="153" type="jump" coverage="100%" />
                  </conditions>
                </line>
                <line number="65" hits="1" branch="False" />
                <line number="66" hits="1" branch="False" />
                <line number="68" hits="54" branch="False" />
                <line number="71" hits="54" branch="False" />
                <line number="72" hits="54" branch="True" condition-coverage="100% (2/2)">
                  <conditions>
                    <condition number="184" type="jump" coverage="100%" />
                  </conditions>
                </line>
                <line number="74" hits="4" branch="False" />
                <line number="77" hits="0" branch="False" />
                <line number="78" hits="0" branch="False" />
                <line number="81" hits="5" branch="False" />
              </lines>
            </method>
            <method name="GetRoots" signature="()" line-rate="0" branch-rate="0" complexity="4">
              <lines>
                <line number="84" hits="0" branch="False" />
                <line number="85" hits="0" branch="False" />
                <line number="86" hits="0" branch="False" />
                <line number="88" hits="0" branch="True" condition-coverage="0% (0/2)">
                  <conditions>
                    <condition number="119" type="jump" coverage="0%" />
                  </conditions>
                </line>
                <line number="89" hits="0" branch="False" />
                <line number="90" hits="0" branch="False" />
                <line number="91" hits="0" branch="True" condition-coverage="0% (0/2)">
                  <conditions>
                    <condition number="75" type="jump" coverage="0%" />
                  </conditions>
                </line>
                <line number="92" hits="0" branch="False" />
                <line number="93" hits="0" branch="False" />
                <line number="94" hits="0" branch="False" />
                <line number="95" hits="0" branch="False" />
                <line number="96" hits="0" branch="False" />
                <line number="97" hits="0" branch="False" />
                <line number="98" hits="0" branch="False" />
              </lines>
            </method>
            <method name=".ctor" signature="(System.Int32)" line-rate="0.75" branch-rate="0.5" complexity="2">
              <lines>
                <line number="7" hits="8" branch="False" />
                <line number="8" hits="8" branch="False" />
                <line number="10" hits="8" branch="True" condition-coverage="50% (1/2)">
                  <conditions>
                    <condition number="14" type="jump" coverage="50%" />
                  </conditions>
                </line>
                <line number="11" hits="0" branch="False" />
                <line number="12" hits="0" branch="False" />
                <line number="15" hits="8" branch="False" />
                <line number="16" hits="8" branch="False" />
                <line number="17" hits="8" branch="False" />
              </lines>
            </method>
          </methods>
          <lines>
            <line number="20" hits="178" branch="False" />
            <line number="21" hits="178" branch="False" />
            <line number="22" hits="178" branch="False" />
            <line number="23" hits="178" branch="False" />
            <line number="25" hits="178" branch="False" />
            <line number="29" hits="178" branch="True" condition-coverage="100% (2/2)">
              <conditions>
                <condition number="62" type="jump" coverage="100%" />
              </conditions>
            </line>
            <line number="30" hits="1" branch="False" />
            <line number="31" hits="177" branch="True" condition-coverage="100% (2/2)">
              <conditions>
                <condition number="82" type="jump" coverage="100%" />
              </conditions>
            </line>
            <line number="32" hits="8" branch="False" />
            <line number="34" hits="169" branch="False" />
            <line number="35" hits="421" branch="True" condition-coverage="100% (2/2)">
              <conditions>
                <condition number="142" type="jump" coverage="100%" />
              </conditions>
            </line>
            <line number="36" hits="252" branch="False" />
            <line number="37" hits="252" branch="False" />
            <line number="38" hits="252" branch="False" />
            <line number="39" hits="252" branch="False" />
            <line number="40" hits="252" branch="False" />
            <line number="41" hits="252" branch="False" />
            <line number="42" hits="169" branch="False" />
            <line number="44" hits="178" branch="False" />
            <line number="47" hits="5" branch="False" />
            <line number="49" hits="5" branch="True" condition-coverage="50% (1/2)">
              <conditions>
                <condition number="32" type="jump" coverage="50%" />
              </conditions>
            </line>
            <line number="50" hits="5" branch="False" />
            <line number="52" hits="5" branch="False" />
            <line number="54" hits="55" branch="False" />
            <line number="55" hits="55" branch="False" />
            <line number="56" hits="55" branch="True" condition-coverage="100% (2/2)">
              <conditions>
                <condition number="83" type="jump" coverage="100%" />
              </conditions>
            </line>
            <line number="57" hits="28" branch="False" />
            <line number="58" hits="28" branch="False" />
            <line number="59" hits="28" branch="False" />
            <line number="60" hits="27" branch="True" condition-coverage="100% (2/2)">
              <conditions>
                <condition number="122" type="jump" coverage="100%" />
              </conditions>
            </line>
            <line number="61" hits="26" branch="False" />
            <line number="62" hits="26" branch="False" />
            <line number="63" hits="26" branch="False" />
            <line number="64" hits="1" branch="True" condition-coverage="100% (2/2)">
              <conditions>
                <condition number="153" type="jump" coverage="100%" />
              </conditions>
            </line>
            <line number="65" hits="1" branch="False" />
            <line number="66" hits="1" branch="False" />
            <line number="68" hits="54" branch="False" />
            <line number="71" hits="54" branch="False" />
            <line number="72" hits="54" branch="True" condition-coverage="100% (2/2)">
              <conditions>
                <condition number="184" type="jump" coverage="100%" />
              </conditions>
            </line>
            <line number="74" hits="4" branch="False" />
            <line number="77" hits="0" branch="False" />
            <line number="78" hits="0" branch="False" />
            <line number="81" hits="5" branch="False" />
            <line number="84" hits="0" branch="False" />
            <line number="85" hits="0" branch="False" />
            <line number="86" hits="0" branch="False" />
            <line number="88" hits="0" branch="True" condition-coverage="0% (0/2)">
              <conditions>
                <condition number="119" type="jump" coverage="0%" />
              </conditions>
            </line>
            <line number="89" hits="0" branch="False" />
            <line number="90" hits="0" branch="False" />
            <line number="91" hits="0" branch="True" condition-coverage="0% (0/2)">
              <conditions>
                <condition number="75" type="jump" coverage="0%" />
              </conditions>
            </line>
            <line number="92" hits="0" branch="False" />
            <line number="93" hits="0" branch="False" />
            <line number="94" hits="0" branch="False" />
            <line number="95" hits="0" branch="False" />
            <line number="96" hits="0" branch="False" />
            <line number="97" hits="0" branch="False" />
            <line number="98" hits="0" branch="False" />
            <line number="7" hits="8" branch="False" />
            <line number="8" hits="8" branch="False" />
            <line number="10" hits="8" branch="True" condition-coverage="50% (1/2)">
              <conditions>
                <condition number="14" type="jump" coverage="50%" />
              </conditions>
            </line>
            <line number="11" hits="0" branch="False" />
            <line number="12" hits="0" branch="False" />
            <line number="15" hits="8" branch="False" />
            <line number="16" hits="8" branch="False" />
            <line number="17" hits="8" branch="False" />
          </lines>
        </class>
      </classes>
    </package>
  </packages>
</coverage>